<?xml version="1.0" encoding="UTF-8"?>
<testsuite name="csvFilter.CsvFilterShould" tests="1" skipped="0" failures="0" errors="0" timestamp="2021-02-06T00:42:59" hostname="Tiburon" time="0.038">
  <properties/>
  <testcase name="empty_file_produce_empty_return" classname="csvFilter.CsvFilterShould" time="0.038"/>
  <system-out><![CDATA[]]></system-out>
  <system-err><![CDATA[]]></system-err>
</testsuite>
